Using pre-set license
Built from '2020.3/staging' branch; Version is '2020.3.18f1 (a7d1c678663c) revision 10998214'; Using compiler version '192528614'; Build Type 'Release'
OS: 'Windows 10 Home Single Language; OS build 19042.1415; Version 2009; 64bit' Language: 'en' Physical Memory: 8010 MB
BatchMode: 1, IsHumanControllingUs: 0, StartBugReporterOnCrash: 0, Is64bit: 1, IsPro: 0

COMMAND LINE ARGUMENTS:
D:\BENILDE\Unity\2020.3.18f1\Editor\Unity.exe
-adb2
-batchMode
-noUpm
-name
AssetImportWorker0
-projectPath
D:/BENILDE/ONLINE CLASSES TERM 5/GAMENET/Module 1/GAMENET Module 1 Game
-logFile
Logs/AssetImportWorker0.log
-srvPort
58214
Successfully changed project path to: D:/BENILDE/ONLINE CLASSES TERM 5/GAMENET/Module 1/GAMENET Module 1 Game
D:/BENILDE/ONLINE CLASSES TERM 5/GAMENET/Module 1/GAMENET Module 1 Game
Using Asset Import Pipeline V2.
Refreshing native plugins compatible for Editor in 34.18 ms, found 2 plugins.
Preloading 0 native plugins for Editor in 0.00 ms.
Initialize engine version: 2020.3.18f1 (a7d1c678663c)
[Subsystems] Discovering subsystems at path D:/BENILDE/Unity/2020.3.18f1/Editor/Data/Resources/UnitySubsystems
[Subsystems] Discovering subsystems at path D:/BENILDE/ONLINE CLASSES TERM 5/GAMENET/Module 1/GAMENET Module 1 Game/Assets
GfxDevice: creating device client; threaded=0
Direct3D:
    Version:  Direct3D 11.0 [level 11.1]
    Renderer: NVIDIA GeForce GTX 1650 (ID=0x1f91)
    Vendor:   
    VRAM:     3962 MB
    Driver:   27.21.14.6231
Initialize mono
Mono path[0] = 'D:/BENILDE/Unity/2020.3.18f1/Editor/Data/Managed'
Mono path[1] = 'D:/BENILDE/Unity/2020.3.18f1/Editor/Data/MonoBleedingEdge/lib/mono/unityjit'
Mono config path = 'D:/BENILDE/Unity/2020.3.18f1/Editor/Data/MonoBleedingEdge/etc'
Using monoOptions --debugger-agent=transport=dt_socket,embedding=1,server=y,suspend=n,address=127.0.0.1:56652
Begin MonoManager ReloadAssembly
Registering precompiled unity dll's ...
Register platform support module: D:/BENILDE/Unity/2020.3.18f1/Editor/Data/PlaybackEngines/WindowsStandaloneSupport/UnityEditor.WindowsStandalone.Extensions.dll
Registered in 0.001524 seconds.
Native extension for WindowsStandalone target not found
Refreshing native plugins compatible for Editor in 39.28 ms, found 2 plugins.
Preloading 0 native plugins for Editor in 0.00 ms.
Mono: successfully reloaded assembly
- Completed reload, in  2.533 seconds
Domain Reload Profiling:
	ReloadAssembly (2533ms)
		BeginReloadAssembly (78ms)
			ExecutionOrderSort (0ms)
			DisableScriptedObjects (0ms)
			BackupInstance (0ms)
			ReleaseScriptingObjects (0ms)
			CreateAndSetChildDomain (1ms)
		EndReloadAssembly (498ms)
			LoadAssemblies (77ms)
			RebuildTransferFunctionScriptingTraits (0ms)
			SetupTypeCache (196ms)
			ReleaseScriptCaches (0ms)
			RebuildScriptCaches (34ms)
			SetupLoadedEditorAssemblies (179ms)
				LogAssemblyErrors (0ms)
				InitializePlatformSupportModulesInManaged (3ms)
				SetLoadedEditorAssemblies (0ms)
				RefreshPlugins (39ms)
				BeforeProcessingInitializeOnLoad (17ms)
				ProcessInitializeOnLoadAttributes (83ms)
				ProcessInitializeOnLoadMethodAttributes (34ms)
				AfterProcessingInitializeOnLoad (0ms)
				EditorAssembliesLoaded (1ms)
			ExecutionOrderSort2 (0ms)
			AwakeInstancesAfterBackupRestoration (0ms)
Platform modules already initialized, skipping
Registering precompiled user dll's ...
Registered in 0.004904 seconds.
Begin MonoManager ReloadAssembly
Native extension for WindowsStandalone target not found
Refreshing native plugins compatible for Editor in 0.43 ms, found 2 plugins.
Preloading 0 native plugins for Editor in 0.00 ms.
Mono: successfully reloaded assembly
- Completed reload, in  1.190 seconds
Domain Reload Profiling:
	ReloadAssembly (1191ms)
		BeginReloadAssembly (206ms)
			ExecutionOrderSort (0ms)
			DisableScriptedObjects (11ms)
			BackupInstance (0ms)
			ReleaseScriptingObjects (0ms)
			CreateAndSetChildDomain (20ms)
		EndReloadAssembly (908ms)
			LoadAssemblies (124ms)
			RebuildTransferFunctionScriptingTraits (0ms)
			SetupTypeCache (317ms)
			ReleaseScriptCaches (0ms)
			RebuildScriptCaches (50ms)
			SetupLoadedEditorAssemblies (325ms)
				LogAssemblyErrors (0ms)
				InitializePlatformSupportModulesInManaged (4ms)
				SetLoadedEditorAssemblies (0ms)
				RefreshPlugins (0ms)
				BeforeProcessingInitializeOnLoad (80ms)
				ProcessInitializeOnLoadAttributes (228ms)
				ProcessInitializeOnLoadMethodAttributes (9ms)
				AfterProcessingInitializeOnLoad (2ms)
				EditorAssembliesLoaded (0ms)
			ExecutionOrderSort2 (0ms)
			AwakeInstancesAfterBackupRestoration (7ms)
Platform modules already initialized, skipping
========================================================================
Worker process is ready to serve import requests
Launched and connected shader compiler UnityShaderCompiler.exe after 0.22 seconds
Refreshing native plugins compatible for Editor in 0.35 ms, found 2 plugins.
Preloading 0 native plugins for Editor in 0.00 ms.
Unloading 1623 Unused Serialized files (Serialized files now loaded: 0)
System memory in use before: 74.5 MB.
System memory in use after: 74.6 MB.

Unloading 22 unused Assets to reduce memory usage. Loaded Objects now: 2056.
Total: 2.713900 ms (FindLiveObjects: 0.164000 ms CreateObjectMapping: 0.054000 ms MarkObjects: 2.411800 ms  DeleteObjects: 0.083000 ms)

AssetImportParameters requested are different than current active one (requested -> active):
  custom:framework-win-MediaFoundation: 216162199b28c13a410421893ffa2e32 -> 
  custom:video-decoder-ogg-theora: a1e56fd34408186e4bbccfd4996cb3dc -> 
  custom:container-muxer-webm: aa71ff27fc2769a1b78a27578f13a17b -> 
  custom:container-demuxer-webm: 4f35f7cbe854078d1ac9338744f61a02 -> 
  custom:container-demuxer-ogg: 62fdf1f143b41e24485cea50d1cbac27 -> 
  custom:video-encoder-webm-vp8: eb34c28f22e8b96e1ab97ce403110664 -> 
  custom:video-codec-MediaFoundation-h265: 746d11721c4dcdbdad8f713fa42b33f4 -> 
  custom:video-decoder-webm-vp8: 9c59270c3fd7afecdb556c50c9e8de78 -> 
  custom:audio-decoder-ogg-vorbis: bf7c407c2cedff20999df2af8eb42d56 -> 
  custom:audio-encoder-webm-vorbis: bf7c407c2cedff20999df2af8eb42d56 -> 
========================================================================
Received Import Request.
  path: Assets/Scripts/LaunchManager.cs
  artifactKey: Guid(9b5459476b3fd1b419fa9bea81115531) Importer(815301076,1909f56bfc062723c751e8b465ee728b)
Start importing Assets/Scripts/LaunchManager.cs using Guid(9b5459476b3fd1b419fa9bea81115531) Importer(815301076,1909f56bfc062723c751e8b465ee728b)  -> (artifact id: '8a6a07a216d99c7022540d9fc0eb7c66') in 0.208759 seconds 
  Import took 0.269346 seconds .

========================================================================
Received Prepare
Refreshing native plugins compatible for Editor in 3.48 ms, found 2 plugins.
Preloading 0 native plugins for Editor in 0.00 ms.
Unloading 14 Unused Serialized files (Serialized files now loaded: 0)
System memory in use before: 42.3 MB.
System memory in use after: 42.4 MB.

Unloading 14 unused Assets to reduce memory usage. Loaded Objects now: 2056.
Total: 2.915500 ms (FindLiveObjects: 0.156200 ms CreateObjectMapping: 0.050300 ms MarkObjects: 2.695000 ms  DeleteObjects: 0.013100 ms)

AssetImportParameters requested are different than current active one (requested -> active):
  custom:framework-win-MediaFoundation: 216162199b28c13a410421893ffa2e32 -> 
  custom:video-decoder-ogg-theora: a1e56fd34408186e4bbccfd4996cb3dc -> 
  custom:container-muxer-webm: aa71ff27fc2769a1b78a27578f13a17b -> 
  custom:container-demuxer-webm: 4f35f7cbe854078d1ac9338744f61a02 -> 
  custom:container-demuxer-ogg: 62fdf1f143b41e24485cea50d1cbac27 -> 
  custom:video-encoder-webm-vp8: eb34c28f22e8b96e1ab97ce403110664 -> 
  custom:video-codec-MediaFoundation-h265: 746d11721c4dcdbdad8f713fa42b33f4 -> 
  custom:video-decoder-webm-vp8: 9c59270c3fd7afecdb556c50c9e8de78 -> 
  custom:audio-decoder-ogg-vorbis: bf7c407c2cedff20999df2af8eb42d56 -> 
  custom:audio-encoder-webm-vorbis: bf7c407c2cedff20999df2af8eb42d56 -> 
========================================================================
Received Prepare
Registering precompiled user dll's ...
Registered in 0.005192 seconds.
Begin MonoManager ReloadAssembly
Native extension for WindowsStandalone target not found
Refreshing native plugins compatible for Editor in 0.59 ms, found 2 plugins.
Preloading 0 native plugins for Editor in 0.00 ms.
Mono: successfully reloaded assembly
- Completed reload, in  1.355 seconds
Domain Reload Profiling:
	ReloadAssembly (1356ms)
		BeginReloadAssembly (178ms)
			ExecutionOrderSort (0ms)
			DisableScriptedObjects (5ms)
			BackupInstance (0ms)
			ReleaseScriptingObjects (0ms)
			CreateAndSetChildDomain (44ms)
		EndReloadAssembly (1095ms)
			LoadAssemblies (152ms)
			RebuildTransferFunctionScriptingTraits (0ms)
			SetupTypeCache (403ms)
			ReleaseScriptCaches (1ms)
			RebuildScriptCaches (51ms)
			SetupLoadedEditorAssemblies (394ms)
				LogAssemblyErrors (0ms)
				InitializePlatformSupportModulesInManaged (7ms)
				SetLoadedEditorAssemblies (0ms)
				RefreshPlugins (1ms)
				BeforeProcessingInitializeOnLoad (86ms)
				ProcessInitializeOnLoadAttributes (267ms)
				ProcessInitializeOnLoadMethodAttributes (29ms)
				AfterProcessingInitializeOnLoad (3ms)
				EditorAssembliesLoaded (0ms)
			ExecutionOrderSort2 (0ms)
			AwakeInstancesAfterBackupRestoration (8ms)
Platform modules already initialized, skipping
Refreshing native plugins compatible for Editor in 0.40 ms, found 2 plugins.
Preloading 0 native plugins for Editor in 0.00 ms.
Unloading 1615 Unused Serialized files (Serialized files now loaded: 0)
System memory in use before: 74.1 MB.
System memory in use after: 74.2 MB.

Unloading 16 unused Assets to reduce memory usage. Loaded Objects now: 2059.
Total: 3.230500 ms (FindLiveObjects: 0.189300 ms CreateObjectMapping: 0.122100 ms MarkObjects: 2.886500 ms  DeleteObjects: 0.030500 ms)

AssetImportParameters requested are different than current active one (requested -> active):
  custom:framework-win-MediaFoundation: 216162199b28c13a410421893ffa2e32 -> 
  custom:video-decoder-ogg-theora: a1e56fd34408186e4bbccfd4996cb3dc -> 
  custom:container-muxer-webm: aa71ff27fc2769a1b78a27578f13a17b -> 
  custom:container-demuxer-webm: 4f35f7cbe854078d1ac9338744f61a02 -> 
  custom:container-demuxer-ogg: 62fdf1f143b41e24485cea50d1cbac27 -> 
  custom:video-encoder-webm-vp8: eb34c28f22e8b96e1ab97ce403110664 -> 
  custom:video-codec-MediaFoundation-h265: 746d11721c4dcdbdad8f713fa42b33f4 -> 
  custom:video-decoder-webm-vp8: 9c59270c3fd7afecdb556c50c9e8de78 -> 
  custom:audio-decoder-ogg-vorbis: bf7c407c2cedff20999df2af8eb42d56 -> 
  custom:audio-encoder-webm-vorbis: bf7c407c2cedff20999df2af8eb42d56 -> 
========================================================================
Received Prepare
Registering precompiled user dll's ...
Registered in 0.004837 seconds.
Begin MonoManager ReloadAssembly
Native extension for WindowsStandalone target not found
Refreshing native plugins compatible for Editor in 0.60 ms, found 2 plugins.
Preloading 0 native plugins for Editor in 0.00 ms.
Mono: successfully reloaded assembly
- Completed reload, in  1.222 seconds
Domain Reload Profiling:
	ReloadAssembly (1222ms)
		BeginReloadAssembly (152ms)
			ExecutionOrderSort (0ms)
			DisableScriptedObjects (5ms)
			BackupInstance (0ms)
			ReleaseScriptingObjects (0ms)
			CreateAndSetChildDomain (42ms)
		EndReloadAssembly (1002ms)
			LoadAssemblies (131ms)
			RebuildTransferFunctionScriptingTraits (0ms)
			SetupTypeCache (363ms)
			ReleaseScriptCaches (2ms)
			RebuildScriptCaches (49ms)
			SetupLoadedEditorAssemblies (360ms)
				LogAssemblyErrors (0ms)
				InitializePlatformSupportModulesInManaged (6ms)
				SetLoadedEditorAssemblies (0ms)
				RefreshPlugins (1ms)
				BeforeProcessingInitializeOnLoad (84ms)
				ProcessInitializeOnLoadAttributes (257ms)
				ProcessInitializeOnLoadMethodAttributes (9ms)
				AfterProcessingInitializeOnLoad (3ms)
				EditorAssembliesLoaded (0ms)
			ExecutionOrderSort2 (0ms)
			AwakeInstancesAfterBackupRestoration (8ms)
Platform modules already initialized, skipping
Refreshing native plugins compatible for Editor in 0.74 ms, found 2 plugins.
Preloading 0 native plugins for Editor in 0.00 ms.
Unloading 1615 Unused Serialized files (Serialized files now loaded: 0)
System memory in use before: 74.2 MB.
System memory in use after: 74.3 MB.

Unloading 16 unused Assets to reduce memory usage. Loaded Objects now: 2062.
Total: 3.186100 ms (FindLiveObjects: 0.201600 ms CreateObjectMapping: 0.080600 ms MarkObjects: 2.868800 ms  DeleteObjects: 0.032400 ms)

AssetImportParameters requested are different than current active one (requested -> active):
  custom:framework-win-MediaFoundation: 216162199b28c13a410421893ffa2e32 -> 
  custom:video-decoder-ogg-theora: a1e56fd34408186e4bbccfd4996cb3dc -> 
  custom:container-muxer-webm: aa71ff27fc2769a1b78a27578f13a17b -> 
  custom:container-demuxer-webm: 4f35f7cbe854078d1ac9338744f61a02 -> 
  custom:container-demuxer-ogg: 62fdf1f143b41e24485cea50d1cbac27 -> 
  custom:video-encoder-webm-vp8: eb34c28f22e8b96e1ab97ce403110664 -> 
  custom:video-codec-MediaFoundation-h265: 746d11721c4dcdbdad8f713fa42b33f4 -> 
  custom:video-decoder-webm-vp8: 9c59270c3fd7afecdb556c50c9e8de78 -> 
  custom:audio-decoder-ogg-vorbis: bf7c407c2cedff20999df2af8eb42d56 -> 
  custom:audio-encoder-webm-vorbis: bf7c407c2cedff20999df2af8eb42d56 -> 
========================================================================
Received Prepare
Refreshing native plugins compatible for Editor in 4.26 ms, found 2 plugins.
Preloading 0 native plugins for Editor in 0.00 ms.
Unloading 14 Unused Serialized files (Serialized files now loaded: 0)
System memory in use before: 42.5 MB.
System memory in use after: 42.6 MB.

Unloading 14 unused Assets to reduce memory usage. Loaded Objects now: 2062.
Total: 2.674900 ms (FindLiveObjects: 0.178500 ms CreateObjectMapping: 0.063500 ms MarkObjects: 2.413600 ms  DeleteObjects: 0.018400 ms)

AssetImportParameters requested are different than current active one (requested -> active):
  custom:framework-win-MediaFoundation: 216162199b28c13a410421893ffa2e32 -> 
  custom:video-decoder-ogg-theora: a1e56fd34408186e4bbccfd4996cb3dc -> 
  custom:container-muxer-webm: aa71ff27fc2769a1b78a27578f13a17b -> 
  custom:container-demuxer-webm: 4f35f7cbe854078d1ac9338744f61a02 -> 
  custom:container-demuxer-ogg: 62fdf1f143b41e24485cea50d1cbac27 -> 
  custom:video-encoder-webm-vp8: eb34c28f22e8b96e1ab97ce403110664 -> 
  custom:video-codec-MediaFoundation-h265: 746d11721c4dcdbdad8f713fa42b33f4 -> 
  custom:video-decoder-webm-vp8: 9c59270c3fd7afecdb556c50c9e8de78 -> 
  custom:audio-decoder-ogg-vorbis: bf7c407c2cedff20999df2af8eb42d56 -> 
  custom:audio-encoder-webm-vorbis: bf7c407c2cedff20999df2af8eb42d56 -> 
========================================================================
Received Prepare
Registering precompiled user dll's ...
Registered in 0.005382 seconds.
Begin MonoManager ReloadAssembly
Native extension for WindowsStandalone target not found
Refreshing native plugins compatible for Editor in 0.68 ms, found 2 plugins.
Preloading 0 native plugins for Editor in 0.00 ms.
Mono: successfully reloaded assembly
- Completed reload, in  1.256 seconds
Domain Reload Profiling:
	ReloadAssembly (1256ms)
		BeginReloadAssembly (158ms)
			ExecutionOrderSort (0ms)
			DisableScriptedObjects (7ms)
			BackupInstance (0ms)
			ReleaseScriptingObjects (0ms)
			CreateAndSetChildDomain (45ms)
		EndReloadAssembly (1027ms)
			LoadAssemblies (141ms)
			RebuildTransferFunctionScriptingTraits (0ms)
			SetupTypeCache (370ms)
			ReleaseScriptCaches (1ms)
			RebuildScriptCaches (48ms)
			SetupLoadedEditorAssemblies (373ms)
				LogAssemblyErrors (0ms)
				InitializePlatformSupportModulesInManaged (6ms)
				SetLoadedEditorAssemblies (1ms)
				RefreshPlugins (1ms)
				BeforeProcessingInitializeOnLoad (110ms)
				ProcessInitializeOnLoadAttributes (244ms)
				ProcessInitializeOnLoadMethodAttributes (8ms)
				AfterProcessingInitializeOnLoad (3ms)
				EditorAssembliesLoaded (0ms)
			ExecutionOrderSort2 (0ms)
			AwakeInstancesAfterBackupRestoration (9ms)
Platform modules already initialized, skipping
Refreshing native plugins compatible for Editor in 0.45 ms, found 2 plugins.
Preloading 0 native plugins for Editor in 0.00 ms.
Unloading 1615 Unused Serialized files (Serialized files now loaded: 0)
System memory in use before: 74.2 MB.
System memory in use after: 74.3 MB.

Unloading 16 unused Assets to reduce memory usage. Loaded Objects now: 2065.
Total: 3.801900 ms (FindLiveObjects: 0.214400 ms CreateObjectMapping: 0.096300 ms MarkObjects: 3.466700 ms  DeleteObjects: 0.023400 ms)

AssetImportParameters requested are different than current active one (requested -> active):
  custom:framework-win-MediaFoundation: 216162199b28c13a410421893ffa2e32 -> 
  custom:video-decoder-ogg-theora: a1e56fd34408186e4bbccfd4996cb3dc -> 
  custom:container-muxer-webm: aa71ff27fc2769a1b78a27578f13a17b -> 
  custom:container-demuxer-webm: 4f35f7cbe854078d1ac9338744f61a02 -> 
  custom:container-demuxer-ogg: 62fdf1f143b41e24485cea50d1cbac27 -> 
  custom:video-encoder-webm-vp8: eb34c28f22e8b96e1ab97ce403110664 -> 
  custom:video-codec-MediaFoundation-h265: 746d11721c4dcdbdad8f713fa42b33f4 -> 
  custom:video-decoder-webm-vp8: 9c59270c3fd7afecdb556c50c9e8de78 -> 
  custom:audio-decoder-ogg-vorbis: bf7c407c2cedff20999df2af8eb42d56 -> 
  custom:audio-encoder-webm-vorbis: bf7c407c2cedff20999df2af8eb42d56 -> 
========================================================================
Received Prepare
Refreshing native plugins compatible for Editor in 4.21 ms, found 2 plugins.
Preloading 0 native plugins for Editor in 0.00 ms.
Unloading 14 Unused Serialized files (Serialized files now loaded: 0)
System memory in use before: 42.5 MB.
System memory in use after: 42.6 MB.

Unloading 14 unused Assets to reduce memory usage. Loaded Objects now: 2065.
Total: 2.799000 ms (FindLiveObjects: 0.167800 ms CreateObjectMapping: 0.057100 ms MarkObjects: 2.554400 ms  DeleteObjects: 0.018300 ms)

AssetImportParameters requested are different than current active one (requested -> active):
  custom:framework-win-MediaFoundation: 216162199b28c13a410421893ffa2e32 -> 
  custom:video-decoder-ogg-theora: a1e56fd34408186e4bbccfd4996cb3dc -> 
  custom:container-muxer-webm: aa71ff27fc2769a1b78a27578f13a17b -> 
  custom:container-demuxer-webm: 4f35f7cbe854078d1ac9338744f61a02 -> 
  custom:container-demuxer-ogg: 62fdf1f143b41e24485cea50d1cbac27 -> 
  custom:video-encoder-webm-vp8: eb34c28f22e8b96e1ab97ce403110664 -> 
  custom:video-codec-MediaFoundation-h265: 746d11721c4dcdbdad8f713fa42b33f4 -> 
  custom:video-decoder-webm-vp8: 9c59270c3fd7afecdb556c50c9e8de78 -> 
  custom:audio-decoder-ogg-vorbis: bf7c407c2cedff20999df2af8eb42d56 -> 
  custom:audio-encoder-webm-vorbis: bf7c407c2cedff20999df2af8eb42d56 -> 
========================================================================
Received Prepare
Registering precompiled user dll's ...
Registered in 0.006583 seconds.
Begin MonoManager ReloadAssembly
Native extension for WindowsStandalone target not found
Refreshing native plugins compatible for Editor in 1.44 ms, found 2 plugins.
Preloading 0 native plugins for Editor in 0.00 ms.
Mono: successfully reloaded assembly
- Completed reload, in  1.240 seconds
Domain Reload Profiling:
	ReloadAssembly (1240ms)
		BeginReloadAssembly (148ms)
			ExecutionOrderSort (0ms)
			DisableScriptedObjects (6ms)
			BackupInstance (0ms)
			ReleaseScriptingObjects (0ms)
			CreateAndSetChildDomain (38ms)
		EndReloadAssembly (1024ms)
			LoadAssemblies (136ms)
			RebuildTransferFunctionScriptingTraits (0ms)
			SetupTypeCache (374ms)
			ReleaseScriptCaches (1ms)
			RebuildScriptCaches (53ms)
			SetupLoadedEditorAssemblies (334ms)
				LogAssemblyErrors (0ms)
				InitializePlatformSupportModulesInManaged (6ms)
				SetLoadedEditorAssemblies (1ms)
				RefreshPlugins (2ms)
				BeforeProcessingInitializeOnLoad (84ms)
				ProcessInitializeOnLoadAttributes (232ms)
				ProcessInitializeOnLoadMethodAttributes (7ms)
				AfterProcessingInitializeOnLoad (2ms)
				EditorAssembliesLoaded (0ms)
			ExecutionOrderSort2 (0ms)
			AwakeInstancesAfterBackupRestoration (10ms)
Platform modules already initialized, skipping
Refreshing native plugins compatible for Editor in 0.41 ms, found 2 plugins.
Preloading 0 native plugins for Editor in 0.00 ms.
Unloading 1615 Unused Serialized files (Serialized files now loaded: 0)
System memory in use before: 74.2 MB.
System memory in use after: 74.3 MB.

Unloading 16 unused Assets to reduce memory usage. Loaded Objects now: 2068.
Total: 2.973600 ms (FindLiveObjects: 0.262800 ms CreateObjectMapping: 0.062600 ms MarkObjects: 2.627100 ms  DeleteObjects: 0.018700 ms)

AssetImportParameters requested are different than current active one (requested -> active):
  custom:framework-win-MediaFoundation: 216162199b28c13a410421893ffa2e32 -> 
  custom:video-decoder-ogg-theora: a1e56fd34408186e4bbccfd4996cb3dc -> 
  custom:container-muxer-webm: aa71ff27fc2769a1b78a27578f13a17b -> 
  custom:container-demuxer-webm: 4f35f7cbe854078d1ac9338744f61a02 -> 
  custom:container-demuxer-ogg: 62fdf1f143b41e24485cea50d1cbac27 -> 
  custom:video-encoder-webm-vp8: eb34c28f22e8b96e1ab97ce403110664 -> 
  custom:video-codec-MediaFoundation-h265: 746d11721c4dcdbdad8f713fa42b33f4 -> 
  custom:video-decoder-webm-vp8: 9c59270c3fd7afecdb556c50c9e8de78 -> 
  custom:audio-decoder-ogg-vorbis: bf7c407c2cedff20999df2af8eb42d56 -> 
  custom:audio-encoder-webm-vorbis: bf7c407c2cedff20999df2af8eb42d56 -> 
========================================================================
Received Import Request.
  Time since last request: 961.286059 seconds.
  path: Assets/Scripts/PlayerSetup.cs
  artifactKey: Guid(9ab26b19191cd4548acef4bb7a1d7918) Importer(815301076,1909f56bfc062723c751e8b465ee728b)
Start importing Assets/Scripts/PlayerSetup.cs using Guid(9ab26b19191cd4548acef4bb7a1d7918) Importer(815301076,1909f56bfc062723c751e8b465ee728b)  -> (artifact id: '9f49e0f52a92b0f7eba4d8c39ff3ab2e') in 0.014077 seconds 
  Import took 0.028294 seconds .

========================================================================
Received Import Request.
  Time since last request: 0.001793 seconds.
  path: Assets/Scripts/PlayerSetup.cs
  artifactKey: Guid(9ab26b19191cd4548acef4bb7a1d7918) Importer(815301076,1909f56bfc062723c751e8b465ee728b)
Start importing Assets/Scripts/PlayerSetup.cs using Guid(9ab26b19191cd4548acef4bb7a1d7918) Importer(815301076,1909f56bfc062723c751e8b465ee728b)  -> (artifact id: '9f49e0f52a92b0f7eba4d8c39ff3ab2e') in 0.004347 seconds 
  Import took 0.008454 seconds .

========================================================================
Received Prepare
Registering precompiled user dll's ...
Registered in 0.004076 seconds.
Begin MonoManager ReloadAssembly
Native extension for WindowsStandalone target not found
Refreshing native plugins compatible for Editor in 0.35 ms, found 2 plugins.
Preloading 0 native plugins for Editor in 0.00 ms.
Mono: successfully reloaded assembly
- Completed reload, in  1.288 seconds
Domain Reload Profiling:
	ReloadAssembly (1289ms)
		BeginReloadAssembly (129ms)
			ExecutionOrderSort (0ms)
			DisableScriptedObjects (4ms)
			BackupInstance (0ms)
			ReleaseScriptingObjects (0ms)
			CreateAndSetChildDomain (31ms)
		EndReloadAssembly (1082ms)
			LoadAssemblies (112ms)
			RebuildTransferFunctionScriptingTraits (0ms)
			SetupTypeCache (307ms)
			ReleaseScriptCaches (2ms)
			RebuildScriptCaches (46ms)
			SetupLoadedEditorAssemblies (368ms)
				LogAssemblyErrors (0ms)
				InitializePlatformSupportModulesInManaged (4ms)
				SetLoadedEditorAssemblies (0ms)
				RefreshPlugins (0ms)
				BeforeProcessingInitializeOnLoad (109ms)
				ProcessInitializeOnLoadAttributes (244ms)
				ProcessInitializeOnLoadMethodAttributes (7ms)
				AfterProcessingInitializeOnLoad (3ms)
				EditorAssembliesLoaded (0ms)
			ExecutionOrderSort2 (0ms)
			AwakeInstancesAfterBackupRestoration (6ms)
Platform modules already initialized, skipping
Refreshing native plugins compatible for Editor in 0.40 ms, found 2 plugins.
Preloading 0 native plugins for Editor in 0.00 ms.
Unloading 1616 Unused Serialized files (Serialized files now loaded: 0)
System memory in use before: 74.2 MB.
System memory in use after: 74.4 MB.

Unloading 16 unused Assets to reduce memory usage. Loaded Objects now: 2072.
Total: 3.375500 ms (FindLiveObjects: 0.585800 ms CreateObjectMapping: 0.368800 ms MarkObjects: 2.400400 ms  DeleteObjects: 0.019500 ms)

AssetImportParameters requested are different than current active one (requested -> active):
  custom:framework-win-MediaFoundation: 216162199b28c13a410421893ffa2e32 -> 
  custom:video-decoder-ogg-theora: a1e56fd34408186e4bbccfd4996cb3dc -> 
  custom:container-muxer-webm: aa71ff27fc2769a1b78a27578f13a17b -> 
  custom:container-demuxer-webm: 4f35f7cbe854078d1ac9338744f61a02 -> 
  custom:container-demuxer-ogg: 62fdf1f143b41e24485cea50d1cbac27 -> 
  custom:video-encoder-webm-vp8: eb34c28f22e8b96e1ab97ce403110664 -> 
  custom:video-codec-MediaFoundation-h265: 746d11721c4dcdbdad8f713fa42b33f4 -> 
  custom:video-decoder-webm-vp8: 9c59270c3fd7afecdb556c50c9e8de78 -> 
  custom:audio-decoder-ogg-vorbis: bf7c407c2cedff20999df2af8eb42d56 -> 
  custom:audio-encoder-webm-vorbis: bf7c407c2cedff20999df2af8eb42d56 -> 
========================================================================
Received Prepare
Registering precompiled user dll's ...
Registered in 0.004293 seconds.
Begin MonoManager ReloadAssembly
Native extension for WindowsStandalone target not found
Refreshing native plugins compatible for Editor in 0.79 ms, found 2 plugins.
Preloading 0 native plugins for Editor in 0.00 ms.
Mono: successfully reloaded assembly
- Completed reload, in  1.001 seconds
Domain Reload Profiling:
	ReloadAssembly (1002ms)
		BeginReloadAssembly (129ms)
			ExecutionOrderSort (0ms)
			DisableScriptedObjects (4ms)
			BackupInstance (0ms)
			ReleaseScriptingObjects (0ms)
			CreateAndSetChildDomain (34ms)
		EndReloadAssembly (801ms)
			LoadAssemblies (106ms)
			RebuildTransferFunctionScriptingTraits (0ms)
			SetupTypeCache (282ms)
			ReleaseScriptCaches (1ms)
			RebuildScriptCaches (38ms)
			SetupLoadedEditorAssemblies (283ms)
				LogAssemblyErrors (0ms)
				InitializePlatformSupportModulesInManaged (4ms)
				SetLoadedEditorAssemblies (1ms)
				RefreshPlugins (1ms)
				BeforeProcessingInitializeOnLoad (66ms)
				ProcessInitializeOnLoadAttributes (200ms)
				ProcessInitializeOnLoadMethodAttributes (8ms)
				AfterProcessingInitializeOnLoad (3ms)
				EditorAssembliesLoaded (0ms)
			ExecutionOrderSort2 (0ms)
			AwakeInstancesAfterBackupRestoration (9ms)
Platform modules already initialized, skipping
Refreshing native plugins compatible for Editor in 0.35 ms, found 2 plugins.
Preloading 0 native plugins for Editor in 0.00 ms.
Unloading 1616 Unused Serialized files (Serialized files now loaded: 0)
System memory in use before: 74.3 MB.
System memory in use after: 74.4 MB.

Unloading 16 unused Assets to reduce memory usage. Loaded Objects now: 2075.
Total: 2.462100 ms (FindLiveObjects: 0.183500 ms CreateObjectMapping: 0.072200 ms MarkObjects: 2.190300 ms  DeleteObjects: 0.015200 ms)

AssetImportParameters requested are different than current active one (requested -> active):
  custom:framework-win-MediaFoundation: 216162199b28c13a410421893ffa2e32 -> 
  custom:video-decoder-ogg-theora: a1e56fd34408186e4bbccfd4996cb3dc -> 
  custom:container-muxer-webm: aa71ff27fc2769a1b78a27578f13a17b -> 
  custom:container-demuxer-webm: 4f35f7cbe854078d1ac9338744f61a02 -> 
  custom:container-demuxer-ogg: 62fdf1f143b41e24485cea50d1cbac27 -> 
  custom:video-encoder-webm-vp8: eb34c28f22e8b96e1ab97ce403110664 -> 
  custom:video-codec-MediaFoundation-h265: 746d11721c4dcdbdad8f713fa42b33f4 -> 
  custom:video-decoder-webm-vp8: 9c59270c3fd7afecdb556c50c9e8de78 -> 
  custom:audio-decoder-ogg-vorbis: bf7c407c2cedff20999df2af8eb42d56 -> 
  custom:audio-encoder-webm-vorbis: bf7c407c2cedff20999df2af8eb42d56 -> 
========================================================================
Received Prepare
Registering precompiled user dll's ...
Registered in 0.004118 seconds.
Begin MonoManager ReloadAssembly
Native extension for WindowsStandalone target not found
Refreshing native plugins compatible for Editor in 0.43 ms, found 2 plugins.
Preloading 0 native plugins for Editor in 0.00 ms.
Mono: successfully reloaded assembly
- Completed reload, in  0.901 seconds
Domain Reload Profiling:
	ReloadAssembly (902ms)
		BeginReloadAssembly (112ms)
			ExecutionOrderSort (0ms)
			DisableScriptedObjects (4ms)
			BackupInstance (0ms)
			ReleaseScriptingObjects (0ms)
			CreateAndSetChildDomain (27ms)
		EndReloadAssembly (738ms)
			LoadAssemblies (104ms)
			RebuildTransferFunctionScriptingTraits (0ms)
			SetupTypeCache (251ms)
			ReleaseScriptCaches (1ms)
			RebuildScriptCaches (49ms)
			SetupLoadedEditorAssemblies (256ms)
				LogAssemblyErrors (0ms)
				InitializePlatformSupportModulesInManaged (4ms)
				SetLoadedEditorAssemblies (0ms)
				RefreshPlugins (0ms)
				BeforeProcessingInitializeOnLoad (65ms)
				ProcessInitializeOnLoadAttributes (178ms)
				ProcessInitializeOnLoadMethodAttributes (5ms)
				AfterProcessingInitializeOnLoad (2ms)
				EditorAssembliesLoaded (0ms)
			ExecutionOrderSort2 (0ms)
			AwakeInstancesAfterBackupRestoration (6ms)
Platform modules already initialized, skipping
Refreshing native plugins compatible for Editor in 0.49 ms, found 2 plugins.
Preloading 0 native plugins for Editor in 0.00 ms.
Unloading 1616 Unused Serialized files (Serialized files now loaded: 0)
System memory in use before: 74.3 MB.
System memory in use after: 74.4 MB.

Unloading 16 unused Assets to reduce memory usage. Loaded Objects now: 2078.
Total: 2.939000 ms (FindLiveObjects: 0.187400 ms CreateObjectMapping: 0.151900 ms MarkObjects: 2.573900 ms  DeleteObjects: 0.024700 ms)

AssetImportParameters requested are different than current active one (requested -> active):
  custom:framework-win-MediaFoundation: 216162199b28c13a410421893ffa2e32 -> 
  custom:video-decoder-ogg-theora: a1e56fd34408186e4bbccfd4996cb3dc -> 
  custom:container-muxer-webm: aa71ff27fc2769a1b78a27578f13a17b -> 
  custom:container-demuxer-webm: 4f35f7cbe854078d1ac9338744f61a02 -> 
  custom:container-demuxer-ogg: 62fdf1f143b41e24485cea50d1cbac27 -> 
  custom:video-encoder-webm-vp8: eb34c28f22e8b96e1ab97ce403110664 -> 
  custom:video-codec-MediaFoundation-h265: 746d11721c4dcdbdad8f713fa42b33f4 -> 
  custom:video-decoder-webm-vp8: 9c59270c3fd7afecdb556c50c9e8de78 -> 
  custom:audio-decoder-ogg-vorbis: bf7c407c2cedff20999df2af8eb42d56 -> 
  custom:audio-encoder-webm-vorbis: bf7c407c2cedff20999df2af8eb42d56 -> 
========================================================================
Received Prepare
Refreshing native plugins compatible for Editor in 3.27 ms, found 2 plugins.
Preloading 0 native plugins for Editor in 0.00 ms.
Unloading 14 Unused Serialized files (Serialized files now loaded: 0)
System memory in use before: 42.6 MB.
System memory in use after: 42.7 MB.

Unloading 14 unused Assets to reduce memory usage. Loaded Objects now: 2078.
Total: 2.850600 ms (FindLiveObjects: 0.171000 ms CreateObjectMapping: 0.061900 ms MarkObjects: 2.598700 ms  DeleteObjects: 0.018100 ms)

AssetImportParameters requested are different than current active one (requested -> active):
  custom:framework-win-MediaFoundation: 216162199b28c13a410421893ffa2e32 -> 
  custom:video-decoder-ogg-theora: a1e56fd34408186e4bbccfd4996cb3dc -> 
  custom:container-muxer-webm: aa71ff27fc2769a1b78a27578f13a17b -> 
  custom:container-demuxer-webm: 4f35f7cbe854078d1ac9338744f61a02 -> 
  custom:container-demuxer-ogg: 62fdf1f143b41e24485cea50d1cbac27 -> 
  custom:video-encoder-webm-vp8: eb34c28f22e8b96e1ab97ce403110664 -> 
  custom:video-codec-MediaFoundation-h265: 746d11721c4dcdbdad8f713fa42b33f4 -> 
  custom:video-decoder-webm-vp8: 9c59270c3fd7afecdb556c50c9e8de78 -> 
  custom:audio-decoder-ogg-vorbis: bf7c407c2cedff20999df2af8eb42d56 -> 
  custom:audio-encoder-webm-vorbis: bf7c407c2cedff20999df2af8eb42d56 -> 
========================================================================
Received Prepare
Registering precompiled user dll's ...
Registered in 0.005003 seconds.
Begin MonoManager ReloadAssembly
Native extension for WindowsStandalone target not found
Refreshing native plugins compatible for Editor in 0.47 ms, found 2 plugins.
Preloading 0 native plugins for Editor in 0.00 ms.
Mono: successfully reloaded assembly
- Completed reload, in  1.146 seconds
Domain Reload Profiling:
	ReloadAssembly (1146ms)
		BeginReloadAssembly (151ms)
			ExecutionOrderSort (0ms)
			DisableScriptedObjects (5ms)
			BackupInstance (0ms)
			ReleaseScriptingObjects (0ms)
			CreateAndSetChildDomain (44ms)
		EndReloadAssembly (922ms)
			LoadAssemblies (134ms)
			RebuildTransferFunctionScriptingTraits (0ms)
			SetupTypeCache (317ms)
			ReleaseScriptCaches (1ms)
			RebuildScriptCaches (56ms)
			SetupLoadedEditorAssemblies (328ms)
				LogAssemblyErrors (0ms)
				InitializePlatformSupportModulesInManaged (6ms)
				SetLoadedEditorAssemblies (1ms)
				RefreshPlugins (1ms)
				BeforeProcessingInitializeOnLoad (80ms)
				ProcessInitializeOnLoadAttributes (229ms)
				ProcessInitializeOnLoadMethodAttributes (8ms)
				AfterProcessingInitializeOnLoad (3ms)
				EditorAssembliesLoaded (0ms)
			ExecutionOrderSort2 (0ms)
			AwakeInstancesAfterBackupRestoration (10ms)
Platform modules already initialized, skipping
Refreshing native plugins compatible for Editor in 0.45 ms, found 2 plugins.
Preloading 0 native plugins for Editor in 0.00 ms.
Unloading 1616 Unused Serialized files (Serialized files now loaded: 0)
System memory in use before: 74.3 MB.
System memory in use after: 74.4 MB.

Unloading 16 unused Assets to reduce memory usage. Loaded Objects now: 2081.
Total: 2.981900 ms (FindLiveObjects: 0.225700 ms CreateObjectMapping: 0.109300 ms MarkObjects: 2.625400 ms  DeleteObjects: 0.020200 ms)

AssetImportParameters requested are different than current active one (requested -> active):
  custom:framework-win-MediaFoundation: 216162199b28c13a410421893ffa2e32 -> 
  custom:video-decoder-ogg-theora: a1e56fd34408186e4bbccfd4996cb3dc -> 
  custom:container-muxer-webm: aa71ff27fc2769a1b78a27578f13a17b -> 
  custom:container-demuxer-webm: 4f35f7cbe854078d1ac9338744f61a02 -> 
  custom:container-demuxer-ogg: 62fdf1f143b41e24485cea50d1cbac27 -> 
  custom:video-encoder-webm-vp8: eb34c28f22e8b96e1ab97ce403110664 -> 
  custom:video-codec-MediaFoundation-h265: 746d11721c4dcdbdad8f713fa42b33f4 -> 
  custom:video-decoder-webm-vp8: 9c59270c3fd7afecdb556c50c9e8de78 -> 
  custom:audio-decoder-ogg-vorbis: bf7c407c2cedff20999df2af8eb42d56 -> 
  custom:audio-encoder-webm-vorbis: bf7c407c2cedff20999df2af8eb42d56 -> 
========================================================================
Received Import Request.
  Time since last request: 411.377239 seconds.
  path: Assets/Resources/Player.prefab
  artifactKey: Guid(80c90bf4e86648649af5356ef594c0e5) Importer(815301076,1909f56bfc062723c751e8b465ee728b)
Start importing Assets/Resources/Player.prefab using Guid(80c90bf4e86648649af5356ef594c0e5) Importer(815301076,1909f56bfc062723c751e8b465ee728b)  -> (artifact id: '6a74cbd5ec82e43c42f00d80ad190b7a') in 0.319665 seconds 
  Import took 0.344264 seconds .

========================================================================
Received Import Request.
  Time since last request: 9.392302 seconds.
  path: Assets/Resources/Player.prefab
  artifactKey: Guid(80c90bf4e86648649af5356ef594c0e5) Importer(815301076,1909f56bfc062723c751e8b465ee728b)
Start importing Assets/Resources/Player.prefab using Guid(80c90bf4e86648649af5356ef594c0e5) Importer(815301076,1909f56bfc062723c751e8b465ee728b)  -> (artifact id: '295520ac68736597992dc771b13c6ca9') in 0.015577 seconds 
  Import took 0.036623 seconds .

========================================================================
Received Import Request.
  Time since last request: 7.957435 seconds.
  path: Assets/Resources/Player.prefab
  artifactKey: Guid(80c90bf4e86648649af5356ef594c0e5) Importer(815301076,1909f56bfc062723c751e8b465ee728b)
Start importing Assets/Resources/Player.prefab using Guid(80c90bf4e86648649af5356ef594c0e5) Importer(815301076,1909f56bfc062723c751e8b465ee728b)  -> (artifact id: 'aafcb320d0cb47468be1de60ff6c321c') in 0.015223 seconds 
  Import took 0.033024 seconds .

========================================================================
Received Import Request.
  Time since last request: 12.377664 seconds.
  path: Assets/Resources/Player.prefab
  artifactKey: Guid(80c90bf4e86648649af5356ef594c0e5) Importer(815301076,1909f56bfc062723c751e8b465ee728b)
Start importing Assets/Resources/Player.prefab using Guid(80c90bf4e86648649af5356ef594c0e5) Importer(815301076,1909f56bfc062723c751e8b465ee728b)  -> (artifact id: '4eb2dbabe6f98555cea71c68ed5ef11f') in 0.014028 seconds 
  Import took 0.039969 seconds .

========================================================================
Received Prepare
Registering precompiled user dll's ...
Registered in 0.004900 seconds.
Begin MonoManager ReloadAssembly
Native extension for WindowsStandalone target not found
Refreshing native plugins compatible for Editor in 4.57 ms, found 2 plugins.
Preloading 0 native plugins for Editor in 0.00 ms.
Mono: successfully reloaded assembly
- Completed reload, in  2.162 seconds
Domain Reload Profiling:
	ReloadAssembly (2163ms)
		BeginReloadAssembly (128ms)
			ExecutionOrderSort (0ms)
			DisableScriptedObjects (4ms)
			BackupInstance (0ms)
			ReleaseScriptingObjects (0ms)
			CreateAndSetChildDomain (38ms)
		EndReloadAssembly (1972ms)
			LoadAssemblies (105ms)
			RebuildTransferFunctionScriptingTraits (0ms)
			SetupTypeCache (376ms)
			ReleaseScriptCaches (1ms)
			RebuildScriptCaches (216ms)
			SetupLoadedEditorAssemblies (1048ms)
				LogAssemblyErrors (0ms)
				InitializePlatformSupportModulesInManaged (13ms)
				SetLoadedEditorAssemblies (2ms)
				RefreshPlugins (5ms)
				BeforeProcessingInitializeOnLoad (241ms)
				ProcessInitializeOnLoadAttributes (766ms)
				ProcessInitializeOnLoadMethodAttributes (17ms)
				AfterProcessingInitializeOnLoad (4ms)
				EditorAssembliesLoaded (0ms)
			ExecutionOrderSort2 (0ms)
			AwakeInstancesAfterBackupRestoration (7ms)
Platform modules already initialized, skipping
Refreshing native plugins compatible for Editor in 0.68 ms, found 2 plugins.
Preloading 0 native plugins for Editor in 0.00 ms.
Unloading 1616 Unused Serialized files (Serialized files now loaded: 0)
System memory in use before: 77.4 MB.
System memory in use after: 77.5 MB.

Unloading 17 unused Assets to reduce memory usage. Loaded Objects now: 2092.
Total: 4.448600 ms (FindLiveObjects: 0.287700 ms CreateObjectMapping: 0.131500 ms MarkObjects: 3.994100 ms  DeleteObjects: 0.033500 ms)

AssetImportParameters requested are different than current active one (requested -> active):
  custom:framework-win-MediaFoundation: 216162199b28c13a410421893ffa2e32 -> 
  custom:video-decoder-ogg-theora: a1e56fd34408186e4bbccfd4996cb3dc -> 
  custom:container-muxer-webm: aa71ff27fc2769a1b78a27578f13a17b -> 
  custom:container-demuxer-webm: 4f35f7cbe854078d1ac9338744f61a02 -> 
  custom:container-demuxer-ogg: 62fdf1f143b41e24485cea50d1cbac27 -> 
  custom:video-encoder-webm-vp8: eb34c28f22e8b96e1ab97ce403110664 -> 
  custom:video-codec-MediaFoundation-h265: 746d11721c4dcdbdad8f713fa42b33f4 -> 
  custom:video-decoder-webm-vp8: 9c59270c3fd7afecdb556c50c9e8de78 -> 
  custom:audio-decoder-ogg-vorbis: bf7c407c2cedff20999df2af8eb42d56 -> 
  custom:audio-encoder-webm-vorbis: bf7c407c2cedff20999df2af8eb42d56 -> 
========================================================================
Received Prepare
Refreshing native plugins compatible for Editor in 4.35 ms, found 2 plugins.
Preloading 0 native plugins for Editor in 0.00 ms.
Unloading 14 Unused Serialized files (Serialized files now loaded: 0)
System memory in use before: 45.7 MB.
System memory in use after: 45.8 MB.

Unloading 14 unused Assets to reduce memory usage. Loaded Objects now: 2092.
Total: 3.058300 ms (FindLiveObjects: 0.181900 ms CreateObjectMapping: 0.057500 ms MarkObjects: 2.795600 ms  DeleteObjects: 0.021600 ms)

AssetImportParameters requested are different than current active one (requested -> active):
  custom:framework-win-MediaFoundation: 216162199b28c13a410421893ffa2e32 -> 
  custom:video-decoder-ogg-theora: a1e56fd34408186e4bbccfd4996cb3dc -> 
  custom:container-muxer-webm: aa71ff27fc2769a1b78a27578f13a17b -> 
  custom:container-demuxer-webm: 4f35f7cbe854078d1ac9338744f61a02 -> 
  custom:container-demuxer-ogg: 62fdf1f143b41e24485cea50d1cbac27 -> 
  custom:video-encoder-webm-vp8: eb34c28f22e8b96e1ab97ce403110664 -> 
  custom:video-codec-MediaFoundation-h265: 746d11721c4dcdbdad8f713fa42b33f4 -> 
  custom:video-decoder-webm-vp8: 9c59270c3fd7afecdb556c50c9e8de78 -> 
  custom:audio-decoder-ogg-vorbis: bf7c407c2cedff20999df2af8eb42d56 -> 
  custom:audio-encoder-webm-vorbis: bf7c407c2cedff20999df2af8eb42d56 -> 
========================================================================
Received Prepare
Registering precompiled user dll's ...
Registered in 0.057732 seconds.
Begin MonoManager ReloadAssembly
Native extension for WindowsStandalone target not found
Refreshing native plugins compatible for Editor in 0.36 ms, found 2 plugins.
Preloading 0 native plugins for Editor in 0.00 ms.
Mono: successfully reloaded assembly
- Completed reload, in  0.936 seconds
Domain Reload Profiling:
	ReloadAssembly (936ms)
		BeginReloadAssembly (135ms)
			ExecutionOrderSort (0ms)
			DisableScriptedObjects (5ms)
			BackupInstance (0ms)
			ReleaseScriptingObjects (0ms)
			CreateAndSetChildDomain (33ms)
		EndReloadAssembly (741ms)
			LoadAssemblies (109ms)
			RebuildTransferFunctionScriptingTraits (0ms)
			SetupTypeCache (251ms)
			ReleaseScriptCaches (1ms)
			RebuildScriptCaches (36ms)
			SetupLoadedEditorAssemblies (277ms)
				LogAssemblyErrors (0ms)
				InitializePlatformSupportModulesInManaged (5ms)
				SetLoadedEditorAssemblies (0ms)
				RefreshPlugins (0ms)
				BeforeProcessingInitializeOnLoad (67ms)
				ProcessInitializeOnLoadAttributes (190ms)
				ProcessInitializeOnLoadMethodAttributes (11ms)
				AfterProcessingInitializeOnLoad (4ms)
				EditorAssembliesLoaded (0ms)
			ExecutionOrderSort2 (0ms)
			AwakeInstancesAfterBackupRestoration (8ms)
Platform modules already initialized, skipping
Refreshing native plugins compatible for Editor in 0.37 ms, found 2 plugins.
Preloading 0 native plugins for Editor in 0.00 ms.
Unloading 1616 Unused Serialized files (Serialized files now loaded: 0)
System memory in use before: 77.4 MB.
System memory in use after: 77.5 MB.

Unloading 16 unused Assets to reduce memory usage. Loaded Objects now: 2095.
Total: 2.921700 ms (FindLiveObjects: 0.147900 ms CreateObjectMapping: 0.051500 ms MarkObjects: 2.699900 ms  DeleteObjects: 0.021500 ms)

AssetImportParameters requested are different than current active one (requested -> active):
  custom:framework-win-MediaFoundation: 216162199b28c13a410421893ffa2e32 -> 
  custom:video-decoder-ogg-theora: a1e56fd34408186e4bbccfd4996cb3dc -> 
  custom:container-muxer-webm: aa71ff27fc2769a1b78a27578f13a17b -> 
  custom:container-demuxer-webm: 4f35f7cbe854078d1ac9338744f61a02 -> 
  custom:container-demuxer-ogg: 62fdf1f143b41e24485cea50d1cbac27 -> 
  custom:video-encoder-webm-vp8: eb34c28f22e8b96e1ab97ce403110664 -> 
  custom:video-codec-MediaFoundation-h265: 746d11721c4dcdbdad8f713fa42b33f4 -> 
  custom:video-decoder-webm-vp8: 9c59270c3fd7afecdb556c50c9e8de78 -> 
  custom:audio-decoder-ogg-vorbis: bf7c407c2cedff20999df2af8eb42d56 -> 
  custom:audio-encoder-webm-vorbis: bf7c407c2cedff20999df2af8eb42d56 -> 
========================================================================
Received Import Request.
  Time since last request: 149.850788 seconds.
  path: Assets/Resources/Player.prefab
  artifactKey: Guid(80c90bf4e86648649af5356ef594c0e5) Importer(815301076,1909f56bfc062723c751e8b465ee728b)
Start importing Assets/Resources/Player.prefab using Guid(80c90bf4e86648649af5356ef594c0e5) Importer(815301076,1909f56bfc062723c751e8b465ee728b)  -> (artifact id: 'faca3176e2c7d96ef7798149b28d14cd') in 0.063623 seconds 
  Import took 0.095503 seconds .

========================================================================
Received Import Request.
  Time since last request: 3.555005 seconds.
  path: Assets/Resources/Player.prefab
  artifactKey: Guid(80c90bf4e86648649af5356ef594c0e5) Importer(815301076,1909f56bfc062723c751e8b465ee728b)
Start importing Assets/Resources/Player.prefab using Guid(80c90bf4e86648649af5356ef594c0e5) Importer(815301076,1909f56bfc062723c751e8b465ee728b)  -> (artifact id: 'afd70023e2dc50e60fd0ba52caf11cc0') in 0.014278 seconds 
  Import took 0.025739 seconds .

========================================================================
Received Import Request.
  Time since last request: 6.749953 seconds.
  path: Assets/Resources/Player.prefab
  artifactKey: Guid(80c90bf4e86648649af5356ef594c0e5) Importer(815301076,1909f56bfc062723c751e8b465ee728b)
Start importing Assets/Resources/Player.prefab using Guid(80c90bf4e86648649af5356ef594c0e5) Importer(815301076,1909f56bfc062723c751e8b465ee728b)  -> (artifact id: '180c0250d8ea99f05514d28b45edda83') in 0.014094 seconds 
  Import took 0.032344 seconds .

========================================================================
Received Import Request.
  Time since last request: 6.591564 seconds.
  path: Assets/Resources/Player.prefab
  artifactKey: Guid(80c90bf4e86648649af5356ef594c0e5) Importer(815301076,1909f56bfc062723c751e8b465ee728b)
Start importing Assets/Resources/Player.prefab using Guid(80c90bf4e86648649af5356ef594c0e5) Importer(815301076,1909f56bfc062723c751e8b465ee728b)  -> (artifact id: '5205979fb82f8ac62bf6adb11c53728f') in 0.013170 seconds 
  Import took 0.033580 seconds .

========================================================================
Received Import Request.
  Time since last request: 7.024051 seconds.
  path: Assets/Resources/Player.prefab
  artifactKey: Guid(80c90bf4e86648649af5356ef594c0e5) Importer(815301076,1909f56bfc062723c751e8b465ee728b)
Start importing Assets/Resources/Player.prefab using Guid(80c90bf4e86648649af5356ef594c0e5) Importer(815301076,1909f56bfc062723c751e8b465ee728b)  -> (artifact id: '8c6801b9f218af1259784e8a675f86e0') in 0.009224 seconds 
  Import took 0.031461 seconds .

========================================================================
Received Import Request.
  Time since last request: 5.149482 seconds.
  path: Assets/Resources/Player.prefab
  artifactKey: Guid(80c90bf4e86648649af5356ef594c0e5) Importer(815301076,1909f56bfc062723c751e8b465ee728b)
Start importing Assets/Resources/Player.prefab using Guid(80c90bf4e86648649af5356ef594c0e5) Importer(815301076,1909f56bfc062723c751e8b465ee728b)  -> (artifact id: '250dc976d7530d8e908b7fc4743e1393') in 0.011294 seconds 
  Import took 0.025104 seconds .

========================================================================
Received Import Request.
  Time since last request: 1.167860 seconds.
  path: Assets/Resources/Player.prefab
  artifactKey: Guid(80c90bf4e86648649af5356ef594c0e5) Importer(815301076,1909f56bfc062723c751e8b465ee728b)
Start importing Assets/Resources/Player.prefab using Guid(80c90bf4e86648649af5356ef594c0e5) Importer(815301076,1909f56bfc062723c751e8b465ee728b)  -> (artifact id: 'd2a5d1e058a450bf7c563237c2dd60c0') in 0.010308 seconds 
  Import took 0.013491 seconds .

========================================================================
Received Import Request.
  Time since last request: 3.017185 seconds.
  path: Assets/Resources/Player.prefab
  artifactKey: Guid(80c90bf4e86648649af5356ef594c0e5) Importer(815301076,1909f56bfc062723c751e8b465ee728b)
Start importing Assets/Resources/Player.prefab using Guid(80c90bf4e86648649af5356ef594c0e5) Importer(815301076,1909f56bfc062723c751e8b465ee728b)  -> (artifact id: '30ea7ffafabbbacfa3cfabcc96789d27') in 0.013086 seconds 
  Import took 0.020061 seconds .

========================================================================
Received Import Request.
  Time since last request: 9.878281 seconds.
  path: Assets/Resources/Player.prefab
  artifactKey: Guid(80c90bf4e86648649af5356ef594c0e5) Importer(815301076,1909f56bfc062723c751e8b465ee728b)
Start importing Assets/Resources/Player.prefab using Guid(80c90bf4e86648649af5356ef594c0e5) Importer(815301076,1909f56bfc062723c751e8b465ee728b)  -> (artifact id: '292809b8dd4947376468b6027537ac8d') in 0.012601 seconds 
  Import took 0.016511 seconds .

========================================================================
Received Import Request.
  Time since last request: 5.365629 seconds.
  path: Assets/Resources/Player.prefab
  artifactKey: Guid(80c90bf4e86648649af5356ef594c0e5) Importer(815301076,1909f56bfc062723c751e8b465ee728b)
Start importing Assets/Resources/Player.prefab using Guid(80c90bf4e86648649af5356ef594c0e5) Importer(815301076,1909f56bfc062723c751e8b465ee728b)  -> (artifact id: '611a1db549a29e64ee824a0d2de4fa3e') in 0.028434 seconds 
  Import took 0.065978 seconds .

========================================================================
Received Import Request.
  Time since last request: 29.457082 seconds.
  path: Assets/Resources/Player.prefab
  artifactKey: Guid(80c90bf4e86648649af5356ef594c0e5) Importer(815301076,1909f56bfc062723c751e8b465ee728b)
Start importing Assets/Resources/Player.prefab using Guid(80c90bf4e86648649af5356ef594c0e5) Importer(815301076,1909f56bfc062723c751e8b465ee728b)  -> (artifact id: 'b30e56ac4e738d18671ddd9f3a859ba6') in 0.058208 seconds 
  Import took 0.079004 seconds .

========================================================================
Received Import Request.
  Time since last request: 4.863740 seconds.
  path: Assets/Resources/Player.prefab
  artifactKey: Guid(80c90bf4e86648649af5356ef594c0e5) Importer(815301076,1909f56bfc062723c751e8b465ee728b)
Start importing Assets/Resources/Player.prefab using Guid(80c90bf4e86648649af5356ef594c0e5) Importer(815301076,1909f56bfc062723c751e8b465ee728b)  -> (artifact id: 'b348e7010c81762c581cc5f8ccc59280') in 0.036646 seconds 
  Import took 0.040835 seconds .

========================================================================
Received Import Request.
  Time since last request: 29.520360 seconds.
  path: Assets/Resources/Player.prefab
  artifactKey: Guid(80c90bf4e86648649af5356ef594c0e5) Importer(815301076,1909f56bfc062723c751e8b465ee728b)
Start importing Assets/Resources/Player.prefab using Guid(80c90bf4e86648649af5356ef594c0e5) Importer(815301076,1909f56bfc062723c751e8b465ee728b)  -> (artifact id: '6b642188d2a8643828b1ff0818b18f42') in 0.035694 seconds 
  Import took 0.039607 seconds .

========================================================================
Received Import Request.
  Time since last request: 0.198359 seconds.
  path: Assets/Resources/Player.prefab
  artifactKey: Guid(80c90bf4e86648649af5356ef594c0e5) Importer(815301076,1909f56bfc062723c751e8b465ee728b)
Start importing Assets/Resources/Player.prefab using Guid(80c90bf4e86648649af5356ef594c0e5) Importer(815301076,1909f56bfc062723c751e8b465ee728b)  -> (artifact id: 'fc93f73f7ba3444647eda67997f58d17') in 0.031804 seconds 
  Import took 0.045336 seconds .

========================================================================
Received Import Request.
  Time since last request: 15.624351 seconds.
  path: Assets/Resources/Player.prefab
  artifactKey: Guid(80c90bf4e86648649af5356ef594c0e5) Importer(815301076,1909f56bfc062723c751e8b465ee728b)
Start importing Assets/Resources/Player.prefab using Guid(80c90bf4e86648649af5356ef594c0e5) Importer(815301076,1909f56bfc062723c751e8b465ee728b)  -> (artifact id: '231416c71ae6bc520b996551bdc9bd88') in 0.031577 seconds 
  Import took 0.034362 seconds .

========================================================================
Received Import Request.
  Time since last request: 3.096285 seconds.
  path: Assets/Resources/Player.prefab
  artifactKey: Guid(80c90bf4e86648649af5356ef594c0e5) Importer(815301076,1909f56bfc062723c751e8b465ee728b)
Start importing Assets/Resources/Player.prefab using Guid(80c90bf4e86648649af5356ef594c0e5) Importer(815301076,1909f56bfc062723c751e8b465ee728b)  -> (artifact id: '16be96b615b4fb08b6fdec57bbdc729a') in 0.032569 seconds 
  Import took 0.035836 seconds .

========================================================================
Received Import Request.
  Time since last request: 8.629916 seconds.
  path: Assets/Resources/Player.prefab
  artifactKey: Guid(80c90bf4e86648649af5356ef594c0e5) Importer(815301076,1909f56bfc062723c751e8b465ee728b)
Start importing Assets/Resources/Player.prefab using Guid(80c90bf4e86648649af5356ef594c0e5) Importer(815301076,1909f56bfc062723c751e8b465ee728b)  -> (artifact id: 'fbca434c1030064e9642858627cb4bd6') in 0.033636 seconds 
  Import took 0.093477 seconds .

========================================================================
Received Import Request.
  Time since last request: 12.761279 seconds.
  path: Assets/Resources/Player.prefab
  artifactKey: Guid(80c90bf4e86648649af5356ef594c0e5) Importer(815301076,1909f56bfc062723c751e8b465ee728b)
Start importing Assets/Resources/Player.prefab using Guid(80c90bf4e86648649af5356ef594c0e5) Importer(815301076,1909f56bfc062723c751e8b465ee728b)  -> (artifact id: '2fc133f75780c98e1404c8695fc2561c') in 0.034434 seconds 
  Import took 0.075672 seconds .

========================================================================
Received Import Request.
  Time since last request: 6.160852 seconds.
  path: Assets/Resources/Player.prefab
  artifactKey: Guid(80c90bf4e86648649af5356ef594c0e5) Importer(815301076,1909f56bfc062723c751e8b465ee728b)
Start importing Assets/Resources/Player.prefab using Guid(80c90bf4e86648649af5356ef594c0e5) Importer(815301076,1909f56bfc062723c751e8b465ee728b)  -> (artifact id: '1cc1413684b7dad886f09b963f2ddd33') in 0.038375 seconds 
  Import took 0.096340 seconds .

========================================================================
Received Import Request.
  Time since last request: 15.241065 seconds.
  path: Assets/Resources/Player.prefab
  artifactKey: Guid(80c90bf4e86648649af5356ef594c0e5) Importer(815301076,1909f56bfc062723c751e8b465ee728b)
Start importing Assets/Resources/Player.prefab using Guid(80c90bf4e86648649af5356ef594c0e5) Importer(815301076,1909f56bfc062723c751e8b465ee728b)  -> (artifact id: 'd5e22b4cead5558c7bcefcfcc217e6df') in 0.033536 seconds 
  Import took 0.105206 seconds .

========================================================================
Received Import Request.
  Time since last request: 7.686654 seconds.
  path: Assets/Resources/Player.prefab
  artifactKey: Guid(80c90bf4e86648649af5356ef594c0e5) Importer(815301076,1909f56bfc062723c751e8b465ee728b)
Start importing Assets/Resources/Player.prefab using Guid(80c90bf4e86648649af5356ef594c0e5) Importer(815301076,1909f56bfc062723c751e8b465ee728b)  -> (artifact id: 'a80be6649e3bf377ddf458a6975c777b') in 0.035585 seconds 
  Import took 0.048656 seconds .

========================================================================
Received Import Request.
  Time since last request: 5.114110 seconds.
  path: Assets/Resources/Player.prefab
  artifactKey: Guid(80c90bf4e86648649af5356ef594c0e5) Importer(815301076,1909f56bfc062723c751e8b465ee728b)
Start importing Assets/Resources/Player.prefab using Guid(80c90bf4e86648649af5356ef594c0e5) Importer(815301076,1909f56bfc062723c751e8b465ee728b)  -> (artifact id: '45cce51f9c177799c9e24271a6f28398') in 0.033851 seconds 
  Import took 0.037735 seconds .

========================================================================
Received Prepare
Registering precompiled user dll's ...
Registered in 0.004543 seconds.
Begin MonoManager ReloadAssembly
Native extension for WindowsStandalone target not found
Refreshing native plugins compatible for Editor in 0.37 ms, found 2 plugins.
Preloading 0 native plugins for Editor in 0.00 ms.
Mono: successfully reloaded assembly
- Completed reload, in  0.944 seconds
Domain Reload Profiling:
	ReloadAssembly (944ms)
		BeginReloadAssembly (120ms)
			ExecutionOrderSort (0ms)
			DisableScriptedObjects (4ms)
			BackupInstance (0ms)
			ReleaseScriptingObjects (0ms)
			CreateAndSetChildDomain (31ms)
		EndReloadAssembly (764ms)
			LoadAssemblies (101ms)
			RebuildTransferFunctionScriptingTraits (0ms)
			SetupTypeCache (289ms)
			ReleaseScriptCaches (1ms)
			RebuildScriptCaches (39ms)
			SetupLoadedEditorAssemblies (260ms)
				LogAssemblyErrors (0ms)
				InitializePlatformSupportModulesInManaged (5ms)
				SetLoadedEditorAssemblies (0ms)
				RefreshPlugins (0ms)
				BeforeProcessingInitializeOnLoad (75ms)
				ProcessInitializeOnLoadAttributes (171ms)
				ProcessInitializeOnLoadMethodAttributes (6ms)
				AfterProcessingInitializeOnLoad (2ms)
				EditorAssembliesLoaded (0ms)
			ExecutionOrderSort2 (0ms)
			AwakeInstancesAfterBackupRestoration (6ms)
Platform modules already initialized, skipping
Refreshing native plugins compatible for Editor in 0.37 ms, found 2 plugins.
Preloading 0 native plugins for Editor in 0.00 ms.
Unloading 1629 Unused Serialized files (Serialized files now loaded: 0)
System memory in use before: 79.6 MB.
System memory in use after: 79.1 MB.

Unloading 30 unused Assets to reduce memory usage. Loaded Objects now: 2099.
Total: 2.668100 ms (FindLiveObjects: 0.145800 ms CreateObjectMapping: 0.045500 ms MarkObjects: 2.179400 ms  DeleteObjects: 0.296600 ms)

AssetImportParameters requested are different than current active one (requested -> active):
  custom:framework-win-MediaFoundation: 216162199b28c13a410421893ffa2e32 -> 
  custom:video-decoder-ogg-theora: a1e56fd34408186e4bbccfd4996cb3dc -> 
  custom:container-muxer-webm: aa71ff27fc2769a1b78a27578f13a17b -> 
  custom:container-demuxer-webm: 4f35f7cbe854078d1ac9338744f61a02 -> 
  custom:container-demuxer-ogg: 62fdf1f143b41e24485cea50d1cbac27 -> 
  custom:video-encoder-webm-vp8: eb34c28f22e8b96e1ab97ce403110664 -> 
  custom:video-codec-MediaFoundation-h265: 746d11721c4dcdbdad8f713fa42b33f4 -> 
  custom:video-decoder-webm-vp8: 9c59270c3fd7afecdb556c50c9e8de78 -> 
  custom:audio-decoder-ogg-vorbis: bf7c407c2cedff20999df2af8eb42d56 -> 
  custom:audio-encoder-webm-vorbis: bf7c407c2cedff20999df2af8eb42d56 -> 
========================================================================
Received Import Request.
  Time since last request: 121.755657 seconds.
  path: Assets/Resources/Player.prefab
  artifactKey: Guid(80c90bf4e86648649af5356ef594c0e5) Importer(815301076,1909f56bfc062723c751e8b465ee728b)
Start importing Assets/Resources/Player.prefab using Guid(80c90bf4e86648649af5356ef594c0e5) Importer(815301076,1909f56bfc062723c751e8b465ee728b)  -> (artifact id: '4fe549a1c018dfc63abbc4aafa3b8b8d') in 0.105262 seconds 
  Import took 0.107896 seconds .

========================================================================
Received Import Request.
  Time since last request: 13.367894 seconds.
  path: Assets/Resources/Player.prefab
  artifactKey: Guid(80c90bf4e86648649af5356ef594c0e5) Importer(815301076,1909f56bfc062723c751e8b465ee728b)
Start importing Assets/Resources/Player.prefab using Guid(80c90bf4e86648649af5356ef594c0e5) Importer(815301076,1909f56bfc062723c751e8b465ee728b)  -> (artifact id: 'e71df0daf122d002075234503b5c086c') in 0.032020 seconds 
  Import took 0.104815 seconds .

========================================================================
Received Prepare
Refreshing native plugins compatible for Editor in 3.48 ms, found 2 plugins.
Preloading 0 native plugins for Editor in 0.00 ms.
Unloading 27 Unused Serialized files (Serialized files now loaded: 0)
System memory in use before: 48.9 MB.
System memory in use after: 48.4 MB.

Unloading 28 unused Assets to reduce memory usage. Loaded Objects now: 2100.
Total: 4.282300 ms (FindLiveObjects: 0.167800 ms CreateObjectMapping: 0.079600 ms MarkObjects: 3.372200 ms  DeleteObjects: 0.661700 ms)

AssetImportParameters requested are different than current active one (requested -> active):
  custom:framework-win-MediaFoundation: 216162199b28c13a410421893ffa2e32 -> 
  custom:video-decoder-ogg-theora: a1e56fd34408186e4bbccfd4996cb3dc -> 
  custom:container-muxer-webm: aa71ff27fc2769a1b78a27578f13a17b -> 
  custom:container-demuxer-webm: 4f35f7cbe854078d1ac9338744f61a02 -> 
  custom:container-demuxer-ogg: 62fdf1f143b41e24485cea50d1cbac27 -> 
  custom:video-encoder-webm-vp8: eb34c28f22e8b96e1ab97ce403110664 -> 
  custom:video-codec-MediaFoundation-h265: 746d11721c4dcdbdad8f713fa42b33f4 -> 
  custom:video-decoder-webm-vp8: 9c59270c3fd7afecdb556c50c9e8de78 -> 
  custom:audio-decoder-ogg-vorbis: bf7c407c2cedff20999df2af8eb42d56 -> 
  custom:audio-encoder-webm-vorbis: bf7c407c2cedff20999df2af8eb42d56 -> 
========================================================================
Received Prepare
Registering precompiled user dll's ...
Registered in 0.077338 seconds.
Begin MonoManager ReloadAssembly
Native extension for WindowsStandalone target not found
Refreshing native plugins compatible for Editor in 0.77 ms, found 2 plugins.
Preloading 0 native plugins for Editor in 0.00 ms.
Mono: successfully reloaded assembly
- Completed reload, in  1.540 seconds
Domain Reload Profiling:
	ReloadAssembly (1540ms)
		BeginReloadAssembly (185ms)
			ExecutionOrderSort (0ms)
			DisableScriptedObjects (8ms)
			BackupInstance (0ms)
			ReleaseScriptingObjects (0ms)
			CreateAndSetChildDomain (50ms)
		EndReloadAssembly (1258ms)
			LoadAssemblies (171ms)
			RebuildTransferFunctionScriptingTraits (0ms)
			SetupTypeCache (441ms)
			ReleaseScriptCaches (1ms)
			RebuildScriptCaches (57ms)
			SetupLoadedEditorAssemblies (462ms)
				LogAssemblyErrors (0ms)
				InitializePlatformSupportModulesInManaged (8ms)
				SetLoadedEditorAssemblies (1ms)
				RefreshPlugins (1ms)
				BeforeProcessingInitializeOnLoad (99ms)
				ProcessInitializeOnLoadAttributes (336ms)
				ProcessInitializeOnLoadMethodAttributes (10ms)
				AfterProcessingInitializeOnLoad (6ms)
				EditorAssembliesLoaded (0ms)
			ExecutionOrderSort2 (0ms)
			AwakeInstancesAfterBackupRestoration (8ms)
Platform modules already initialized, skipping
Refreshing native plugins compatible for Editor in 0.54 ms, found 2 plugins.
Preloading 0 native plugins for Editor in 0.00 ms.
Unloading 1629 Unused Serialized files (Serialized files now loaded: 0)
System memory in use before: 79.7 MB.
System memory in use after: 79.1 MB.

Unloading 29 unused Assets to reduce memory usage. Loaded Objects now: 2103.
Total: 6.895000 ms (FindLiveObjects: 0.798000 ms CreateObjectMapping: 0.584400 ms MarkObjects: 5.165300 ms  DeleteObjects: 0.345600 ms)

AssetImportParameters requested are different than current active one (requested -> active):
  custom:framework-win-MediaFoundation: 216162199b28c13a410421893ffa2e32 -> 
  custom:video-decoder-ogg-theora: a1e56fd34408186e4bbccfd4996cb3dc -> 
  custom:container-muxer-webm: aa71ff27fc2769a1b78a27578f13a17b -> 
  custom:container-demuxer-webm: 4f35f7cbe854078d1ac9338744f61a02 -> 
  custom:container-demuxer-ogg: 62fdf1f143b41e24485cea50d1cbac27 -> 
  custom:video-encoder-webm-vp8: eb34c28f22e8b96e1ab97ce403110664 -> 
  custom:video-codec-MediaFoundation-h265: 746d11721c4dcdbdad8f713fa42b33f4 -> 
  custom:video-decoder-webm-vp8: 9c59270c3fd7afecdb556c50c9e8de78 -> 
  custom:audio-decoder-ogg-vorbis: bf7c407c2cedff20999df2af8eb42d56 -> 
  custom:audio-encoder-webm-vorbis: bf7c407c2cedff20999df2af8eb42d56 -> 
========================================================================
Received Import Request.
  Time since last request: 98.745409 seconds.
  path: Assets/Resources/Player.prefab
  artifactKey: Guid(80c90bf4e86648649af5356ef594c0e5) Importer(815301076,1909f56bfc062723c751e8b465ee728b)
Start importing Assets/Resources/Player.prefab using Guid(80c90bf4e86648649af5356ef594c0e5) Importer(815301076,1909f56bfc062723c751e8b465ee728b)  -> (artifact id: '278636d9045e2cf2c33da3ed8120b072') in 0.156447 seconds 
  Import took 0.167213 seconds .

========================================================================
Received Import Request.
  Time since last request: 19.735336 seconds.
  path: Assets/Resources/Player.prefab
  artifactKey: Guid(80c90bf4e86648649af5356ef594c0e5) Importer(815301076,1909f56bfc062723c751e8b465ee728b)
Start importing Assets/Resources/Player.prefab using Guid(80c90bf4e86648649af5356ef594c0e5) Importer(815301076,1909f56bfc062723c751e8b465ee728b)  -> (artifact id: '89a8aa63b782aed3b38515e60e0033b7') in 0.035316 seconds 
  Import took 0.059021 seconds .

========================================================================
Received Import Request.
  Time since last request: 5.753212 seconds.
  path: Assets/Resources/Player.prefab
  artifactKey: Guid(80c90bf4e86648649af5356ef594c0e5) Importer(815301076,1909f56bfc062723c751e8b465ee728b)
Start importing Assets/Resources/Player.prefab using Guid(80c90bf4e86648649af5356ef594c0e5) Importer(815301076,1909f56bfc062723c751e8b465ee728b)  -> (artifact id: '264a6128986a468152d57d736a0875cf') in 0.032146 seconds 
  Import took 0.042567 seconds .

========================================================================
Received Import Request.
  Time since last request: 21.262579 seconds.
  path: Assets/Resources/Player.prefab
  artifactKey: Guid(80c90bf4e86648649af5356ef594c0e5) Importer(815301076,1909f56bfc062723c751e8b465ee728b)
Start importing Assets/Resources/Player.prefab using Guid(80c90bf4e86648649af5356ef594c0e5) Importer(815301076,1909f56bfc062723c751e8b465ee728b)  -> (artifact id: '79f0e4b2aad20d3fb77788be8a58d184') in 0.033738 seconds 
  Import took 0.036625 seconds .

========================================================================
Received Import Request.
  Time since last request: 18.155759 seconds.
  path: Assets/Resources/Player.prefab
  artifactKey: Guid(80c90bf4e86648649af5356ef594c0e5) Importer(815301076,1909f56bfc062723c751e8b465ee728b)
Start importing Assets/Resources/Player.prefab using Guid(80c90bf4e86648649af5356ef594c0e5) Importer(815301076,1909f56bfc062723c751e8b465ee728b)  -> (artifact id: '2b9c45bcc0afaddfdb1e5f044dcf52af') in 0.037171 seconds 
  Import took 0.040136 seconds .

========================================================================
Received Import Request.
  Time since last request: 9.686725 seconds.
  path: Assets/Resources/Player.prefab
  artifactKey: Guid(80c90bf4e86648649af5356ef594c0e5) Importer(815301076,1909f56bfc062723c751e8b465ee728b)
Start importing Assets/Resources/Player.prefab using Guid(80c90bf4e86648649af5356ef594c0e5) Importer(815301076,1909f56bfc062723c751e8b465ee728b)  -> (artifact id: '00a5534099b9c82886157e7e8dd58552') in 0.038466 seconds 
  Import took 0.063069 seconds .

========================================================================
Received Import Request.
  Time since last request: 3.768867 seconds.
  path: Assets/Resources/Player.prefab
  artifactKey: Guid(80c90bf4e86648649af5356ef594c0e5) Importer(815301076,1909f56bfc062723c751e8b465ee728b)
Start importing Assets/Resources/Player.prefab using Guid(80c90bf4e86648649af5356ef594c0e5) Importer(815301076,1909f56bfc062723c751e8b465ee728b)  -> (artifact id: '32dadcb5608a8a96fb008fbfe1b7d015') in 0.041687 seconds 
  Import took 0.044971 seconds .

========================================================================
Received Import Request.
  Time since last request: 32.084263 seconds.
  path: Assets/Resources/Player.prefab
  artifactKey: Guid(80c90bf4e86648649af5356ef594c0e5) Importer(815301076,1909f56bfc062723c751e8b465ee728b)
Start importing Assets/Resources/Player.prefab using Guid(80c90bf4e86648649af5356ef594c0e5) Importer(815301076,1909f56bfc062723c751e8b465ee728b)  -> (artifact id: 'b1ad7a70b67661a8205667076bc76298') in 0.032751 seconds 
  Import took 0.035652 seconds .

========================================================================
Received Import Request.
  Time since last request: 17.510912 seconds.
  path: Assets/Resources/Player.prefab
  artifactKey: Guid(80c90bf4e86648649af5356ef594c0e5) Importer(815301076,1909f56bfc062723c751e8b465ee728b)
Start importing Assets/Resources/Player.prefab using Guid(80c90bf4e86648649af5356ef594c0e5) Importer(815301076,1909f56bfc062723c751e8b465ee728b)  -> (artifact id: 'abd6d03b0c789af307be0ddb5962b724') in 0.034827 seconds 
  Import took 0.039376 seconds .

========================================================================
Received Import Request.
  Time since last request: 2.980152 seconds.
  path: Assets/Resources/Player.prefab
  artifactKey: Guid(80c90bf4e86648649af5356ef594c0e5) Importer(815301076,1909f56bfc062723c751e8b465ee728b)
Start importing Assets/Resources/Player.prefab using Guid(80c90bf4e86648649af5356ef594c0e5) Importer(815301076,1909f56bfc062723c751e8b465ee728b)  -> (artifact id: '894f502e53345a7b56e07e1a696d8bf9') in 0.034373 seconds 
  Import took 0.037335 seconds .

========================================================================
Received Import Request.
  Time since last request: 1.200813 seconds.
  path: Assets/Resources/Player.prefab
  artifactKey: Guid(80c90bf4e86648649af5356ef594c0e5) Importer(815301076,1909f56bfc062723c751e8b465ee728b)
Start importing Assets/Resources/Player.prefab using Guid(80c90bf4e86648649af5356ef594c0e5) Importer(815301076,1909f56bfc062723c751e8b465ee728b)  -> (artifact id: 'f58dc58030a70d0631681f79a076240a') in 0.035422 seconds 
  Import took 0.038517 seconds .

========================================================================
Received Import Request.
  Time since last request: 11.522432 seconds.
  path: Assets/Resources/Player.prefab
  artifactKey: Guid(80c90bf4e86648649af5356ef594c0e5) Importer(815301076,1909f56bfc062723c751e8b465ee728b)
Start importing Assets/Resources/Player.prefab using Guid(80c90bf4e86648649af5356ef594c0e5) Importer(815301076,1909f56bfc062723c751e8b465ee728b)  -> (artifact id: '445686862d7cfc110d8059b93aaf3e49') in 0.035153 seconds 
  Import took 0.039402 seconds .

========================================================================
Received Import Request.
  Time since last request: 21.703293 seconds.
  path: Assets/Resources/Player.prefab
  artifactKey: Guid(80c90bf4e86648649af5356ef594c0e5) Importer(815301076,1909f56bfc062723c751e8b465ee728b)
Start importing Assets/Resources/Player.prefab using Guid(80c90bf4e86648649af5356ef594c0e5) Importer(815301076,1909f56bfc062723c751e8b465ee728b)  -> (artifact id: '2fc8e8699fe3873991d504a69f4cf87a') in 0.032308 seconds 
  Import took 0.035305 seconds .

========================================================================
Received Import Request.
  Time since last request: 4.305067 seconds.
  path: Assets/Resources/Player.prefab
  artifactKey: Guid(80c90bf4e86648649af5356ef594c0e5) Importer(815301076,1909f56bfc062723c751e8b465ee728b)
Start importing Assets/Resources/Player.prefab using Guid(80c90bf4e86648649af5356ef594c0e5) Importer(815301076,1909f56bfc062723c751e8b465ee728b)  -> (artifact id: '0b5987bd017d2c6753754fabbe9925df') in 0.032017 seconds 
  Import took 0.035247 seconds .

========================================================================
Received Import Request.
  Time since last request: 3.512855 seconds.
  path: Assets/Resources/Player.prefab
  artifactKey: Guid(80c90bf4e86648649af5356ef594c0e5) Importer(815301076,1909f56bfc062723c751e8b465ee728b)
Start importing Assets/Resources/Player.prefab using Guid(80c90bf4e86648649af5356ef594c0e5) Importer(815301076,1909f56bfc062723c751e8b465ee728b)  -> (artifact id: 'c14a3d82c65813d939f527b50e86c299') in 0.031389 seconds 
  Import took 0.047306 seconds .

========================================================================
Received Import Request.
  Time since last request: 6.289101 seconds.
  path: Assets/Resources/Player.prefab
  artifactKey: Guid(80c90bf4e86648649af5356ef594c0e5) Importer(815301076,1909f56bfc062723c751e8b465ee728b)
Start importing Assets/Resources/Player.prefab using Guid(80c90bf4e86648649af5356ef594c0e5) Importer(815301076,1909f56bfc062723c751e8b465ee728b)  -> (artifact id: '217192b4324c3bad4d33ff6ec8ff87de') in 0.034852 seconds 
  Import took 0.049192 seconds .

========================================================================
Received Import Request.
  Time since last request: 3.009928 seconds.
  path: Assets/Resources/Player.prefab
  artifactKey: Guid(80c90bf4e86648649af5356ef594c0e5) Importer(815301076,1909f56bfc062723c751e8b465ee728b)
Start importing Assets/Resources/Player.prefab using Guid(80c90bf4e86648649af5356ef594c0e5) Importer(815301076,1909f56bfc062723c751e8b465ee728b)  -> (artifact id: '6589e503d3368968946d833892bc5143') in 0.034942 seconds 
  Import took 0.050348 seconds .

========================================================================
Received Import Request.
  Time since last request: 0.652131 seconds.
  path: Assets/Resources/Player.prefab
  artifactKey: Guid(80c90bf4e86648649af5356ef594c0e5) Importer(815301076,1909f56bfc062723c751e8b465ee728b)
Start importing Assets/Resources/Player.prefab using Guid(80c90bf4e86648649af5356ef594c0e5) Importer(815301076,1909f56bfc062723c751e8b465ee728b)  -> (artifact id: 'e6acc41389954cf8df84a94d5c255675') in 0.037761 seconds 
  Import took 0.041651 seconds .

========================================================================
Received Import Request.
  Time since last request: 0.760260 seconds.
  path: Assets/Resources/Player.prefab
  artifactKey: Guid(80c90bf4e86648649af5356ef594c0e5) Importer(815301076,1909f56bfc062723c751e8b465ee728b)
Start importing Assets/Resources/Player.prefab using Guid(80c90bf4e86648649af5356ef594c0e5) Importer(815301076,1909f56bfc062723c751e8b465ee728b)  -> (artifact id: '1012216354ce228eba12c1697065b515') in 0.035317 seconds 
  Import took 0.082446 seconds .

========================================================================
Received Import Request.
  Time since last request: 0.923441 seconds.
  path: Assets/Resources/Player.prefab
  artifactKey: Guid(80c90bf4e86648649af5356ef594c0e5) Importer(815301076,1909f56bfc062723c751e8b465ee728b)
Start importing Assets/Resources/Player.prefab using Guid(80c90bf4e86648649af5356ef594c0e5) Importer(815301076,1909f56bfc062723c751e8b465ee728b)  -> (artifact id: 'a8f87e1bae8d635dedb00d8de8c7850a') in 0.033614 seconds 
  Import took 0.077169 seconds .

========================================================================
Received Import Request.
  Time since last request: 0.827490 seconds.
  path: Assets/Resources/Player.prefab
  artifactKey: Guid(80c90bf4e86648649af5356ef594c0e5) Importer(815301076,1909f56bfc062723c751e8b465ee728b)
Start importing Assets/Resources/Player.prefab using Guid(80c90bf4e86648649af5356ef594c0e5) Importer(815301076,1909f56bfc062723c751e8b465ee728b)  -> (artifact id: 'b14a63d6ce4d89c3e6e41d4e10c2d055') in 0.036100 seconds 
  Import took 0.040092 seconds .

========================================================================
Received Import Request.
  Time since last request: 1.186048 seconds.
  path: Assets/Resources/Player.prefab
  artifactKey: Guid(80c90bf4e86648649af5356ef594c0e5) Importer(815301076,1909f56bfc062723c751e8b465ee728b)
Start importing Assets/Resources/Player.prefab using Guid(80c90bf4e86648649af5356ef594c0e5) Importer(815301076,1909f56bfc062723c751e8b465ee728b)  -> (artifact id: '9f2f41fd66427d018185000d2e571133') in 0.037205 seconds 
  Import took 0.040407 seconds .

========================================================================
Received Import Request.
  Time since last request: 9.159219 seconds.
  path: Assets/Resources/Player.prefab
  artifactKey: Guid(80c90bf4e86648649af5356ef594c0e5) Importer(815301076,1909f56bfc062723c751e8b465ee728b)
Start importing Assets/Resources/Player.prefab using Guid(80c90bf4e86648649af5356ef594c0e5) Importer(815301076,1909f56bfc062723c751e8b465ee728b)  -> (artifact id: 'ed7f5fed7e099ee03b7a0844d4ace3c0') in 0.033778 seconds 
  Import took 0.036825 seconds .

========================================================================
Received Import Request.
  Time since last request: 5.276432 seconds.
  path: Assets/Resources/Player.prefab
  artifactKey: Guid(80c90bf4e86648649af5356ef594c0e5) Importer(815301076,1909f56bfc062723c751e8b465ee728b)
Start importing Assets/Resources/Player.prefab using Guid(80c90bf4e86648649af5356ef594c0e5) Importer(815301076,1909f56bfc062723c751e8b465ee728b)  -> (artifact id: '7555c9b8402cb10d0be0dfea4e923da8') in 0.037224 seconds 
  Import took 0.064067 seconds .

========================================================================
Received Import Request.
  Time since last request: 4.570765 seconds.
  path: Assets/Resources/Player.prefab
  artifactKey: Guid(80c90bf4e86648649af5356ef594c0e5) Importer(815301076,1909f56bfc062723c751e8b465ee728b)
Start importing Assets/Resources/Player.prefab using Guid(80c90bf4e86648649af5356ef594c0e5) Importer(815301076,1909f56bfc062723c751e8b465ee728b)  -> (artifact id: 'af5e3813d426900262a63eb63747324c') in 0.034582 seconds 
  Import took 0.037313 seconds .

========================================================================
Received Import Request.
  Time since last request: 2.442047 seconds.
  path: Assets/Resources/Player.prefab
  artifactKey: Guid(80c90bf4e86648649af5356ef594c0e5) Importer(815301076,1909f56bfc062723c751e8b465ee728b)
Start importing Assets/Resources/Player.prefab using Guid(80c90bf4e86648649af5356ef594c0e5) Importer(815301076,1909f56bfc062723c751e8b465ee728b)  -> (artifact id: '6a9cdd8fb8952a88684892db37fbe772') in 0.036335 seconds 
  Import took 0.039160 seconds .

========================================================================
Received Import Request.
  Time since last request: 5.416761 seconds.
  path: Assets/Resources/Player.prefab
  artifactKey: Guid(80c90bf4e86648649af5356ef594c0e5) Importer(815301076,1909f56bfc062723c751e8b465ee728b)
Start importing Assets/Resources/Player.prefab using Guid(80c90bf4e86648649af5356ef594c0e5) Importer(815301076,1909f56bfc062723c751e8b465ee728b)  -> (artifact id: '6dca723f1de7583741c8f9011a4a8fa7') in 0.032989 seconds 
  Import took 0.037085 seconds .

========================================================================
Received Import Request.
  Time since last request: 1.364694 seconds.
  path: Assets/Resources/Player.prefab
  artifactKey: Guid(80c90bf4e86648649af5356ef594c0e5) Importer(815301076,1909f56bfc062723c751e8b465ee728b)
Start importing Assets/Resources/Player.prefab using Guid(80c90bf4e86648649af5356ef594c0e5) Importer(815301076,1909f56bfc062723c751e8b465ee728b)  -> (artifact id: '594386bd501accd0da353baedc367e0d') in 0.041310 seconds 
  Import took 0.044327 seconds .

========================================================================
Received Import Request.
  Time since last request: 10.040567 seconds.
  path: Assets/Resources/Player.prefab
  artifactKey: Guid(80c90bf4e86648649af5356ef594c0e5) Importer(815301076,1909f56bfc062723c751e8b465ee728b)
Start importing Assets/Resources/Player.prefab using Guid(80c90bf4e86648649af5356ef594c0e5) Importer(815301076,1909f56bfc062723c751e8b465ee728b)  -> (artifact id: '5d70f08488bbcd7270d7755be0e1e92d') in 0.032119 seconds 
  Import took 0.092756 seconds .

========================================================================
Received Import Request.
  Time since last request: 61.461606 seconds.
  path: Assets/texture
  artifactKey: Guid(f995efb0fcc78ed40adf0334c6fe8bf2) Importer(815301076,1909f56bfc062723c751e8b465ee728b)
Start importing Assets/texture using Guid(f995efb0fcc78ed40adf0334c6fe8bf2) Importer(815301076,1909f56bfc062723c751e8b465ee728b)  -> (artifact id: '52ff1cb62206d72894e53ec65feb34fc') in 0.006432 seconds 
  Import took 0.018576 seconds .

========================================================================
Received Import Request.
  Time since last request: 3.797085 seconds.
  path: Assets/texture/WhitePixel.png
  artifactKey: Guid(449c065c6af4ef549b41de6a52e991ae) Importer(815301076,1909f56bfc062723c751e8b465ee728b)
Start importing Assets/texture/WhitePixel.png using Guid(449c065c6af4ef549b41de6a52e991ae) Importer(815301076,1909f56bfc062723c751e8b465ee728b)  -> (artifact id: '30082892fca49386ce5d275c654a6ac8') in 0.079780 seconds 
  Import took 0.083002 seconds .

